app/build/outputs/logs/manifest-merger-release-report.txt
-- Merging decision tree log ---
manifest
ADDED from src\main\AndroidManifest.xml:1:1-53:12
INJECTED from src\main\AndroidManifest.xml:1:1-53:12
INJECTED from src\main\AndroidManifest.xml:1:1-53:12
INJECTED from src\main\AndroidManifest.xml:1:1-53:12
MERGED from [com.google.android.gms:play-services-location:11.0.0] AndroidManifest.xml:2:1-5:12
MERGED from [com.google.android.gms:play-services-base:11.0.0] AndroidManifest.xml:16:1-21:12
MERGED from [com.google.android.gms:play-services-tasks:11.0.0] AndroidManifest.xml:2:1-5:12
MERGED from [com.google.android.gms:play-services-basement:11.0.0] AndroidManifest.xml:16:1-23:12
MERGED from [com.android.support:support-v4:25.2.0] AndroidManifest.xml:17:1-27:12
MERGED from [com.appnext.sdk:ads:2.2.5.468] AndroidManifest.xml:2:1-32:12
MERGED from [com.appnext.sdk:banners:2.2.5.468] AndroidManifest.xml:2:1-15:12
MERGED from [com.appnext.sdk:native-ads2:2.2.5.468] AndroidManifest.xml:2:1-15:12
MERGED from [com.appnext.sdk:core:2.2.5.468] AndroidManifest.xml:2:1-38:12
MERGED from [com.android.support:support-fragment:25.2.0] AndroidManifest.xml:17:1-27:12
MERGED from [com.android.support:support-media-compat:25.2.0] AndroidManifest.xml:17:1-27:12
MERGED from [com.android.support:support-core-utils:25.2.0] AndroidManifest.xml:17:1-27:12
MERGED from [com.android.support:support-core-ui:25.2.0] AndroidManifest.xml:17:1-27:12
MERGED from [com.android.support:support-compat:25.2.0] AndroidManifest.xml:17:1-27:12
INJECTED from src\main\AndroidManifest.xml:1:1-53:12
INJECTED from src\main\AndroidManifest.xml:1:1-53:12
INJECTED from src\main\AndroidManifest.xml:1:1-53:12
	package
		ADDED from src\main\AndroidManifest.xml:2:5-38
		INJECTED from src\main\AndroidManifest.xml
		INJECTED from src\main\AndroidManifest.xml
	android:versionName
		ADDED from src\main\AndroidManifest.xml:4:5-32
		INJECTED from src\main\AndroidManifest.xml
		INJECTED from src\main\AndroidManifest.xml
	xmlns:android
		ADDED from src\main\AndroidManifest.xml:1:11-69
	android:versionCode
		ADDED from src\main\AndroidManifest.xml:3:5-28
		INJECTED from src\main\AndroidManifest.xml
		INJECTED from src\main\AndroidManifest.xml
uses-sdk
ADDED from src\main\AndroidManifest.xml:6:5-8:41
INJECTED from src\main\AndroidManifest.xml:6:5-8:41
INJECTED from src\main\AndroidManifest.xml:6:5-8:41
MERGED from [com.google.android.gms:play-services-location:11.0.0] AndroidManifest.xml:3:5-43
MERGED from [com.google.android.gms:play-services-location:11.0.0] AndroidManifest.xml:3:5-43
MERGED from [com.google.android.gms:play-services-base:11.0.0] AndroidManifest.xml:17:5-43
MERGED from [com.google.android.gms:play-services-base:11.0.0] AndroidManifest.xml:17:5-43
MERGED from [com.google.android.gms:play-services-tasks:11.0.0] AndroidManifest.xml:3:5-43
MERGED from [com.google.android.gms:play-services-tasks:11.0.0] AndroidManifest.xml:3:5-43
MERGED from [com.google.android.gms:play-services-basement:11.0.0] AndroidManifest.xml:17:5-43
MERGED from [com.google.android.gms:play-services-basement:11.0.0] AndroidManifest.xml:17:5-43
MERGED from [com.android.support:support-v4:25.2.0] AndroidManifest.xml:21:5-23:54
MERGED from [com.android.support:support-v4:25.2.0] AndroidManifest.xml:21:5-23:54
MERGED from [com.appnext.sdk:ads:2.2.5.468] AndroidManifest.xml:5:5-7:41
MERGED from [com.appnext.sdk:ads:2.2.5.468] AndroidManifest.xml:5:5-7:41
MERGED from [com.appnext.sdk:banners:2.2.5.468] AndroidManifest.xml:5:5-7:41
MERGED from [com.appnext.sdk:banners:2.2.5.468] AndroidManifest.xml:5:5-7:41
MERGED from [com.appnext.sdk:native-ads2:2.2.5.468] AndroidManifest.xml:5:5-7:41
MERGED from [com.appnext.sdk:native-ads2:2.2.5.468] AndroidManifest.xml:5:5-7:41
MERGED from [com.appnext.sdk:core:2.2.5.468] AndroidManifest.xml:6:5-8:41
MERGED from [com.appnext.sdk:core:2.2.5.468] AndroidManifest.xml:6:5-8:41
MERGED from [com.android.support:support-fragment:25.2.0] AndroidManifest.xml:21:5-23:60
MERGED from [com.android.support:support-fragment:25.2.0] AndroidManifest.xml:21:5-23:60
MERGED from [com.android.support:support-media-compat:25.2.0] AndroidManifest.xml:21:5-23:63
MERGED from [com.android.support:support-media-compat:25.2.0] AndroidManifest.xml:21:5-23:63
MERGED from [com.android.support:support-core-utils:25.2.0] AndroidManifest.xml:21:5-23:61
MERGED from [com.android.support:support-core-utils:25.2.0] AndroidManifest.xml:21:5-23:61
MERGED from [com.android.support:support-core-ui:25.2.0] AndroidManifest.xml:21:5-23:58
MERGED from [com.android.support:support-core-ui:25.2.0] AndroidManifest.xml:21:5-23:58
MERGED from [com.android.support:support-compat:25.2.0] AndroidManifest.xml:21:5-23:58
MERGED from [com.android.support:support-compat:25.2.0] AndroidManifest.xml:21:5-23:58
INJECTED from src\main\AndroidManifest.xml:6:5-8:41
INJECTED from src\main\AndroidManifest.xml:6:5-8:41
	tools:overrideLibrary
		ADDED from [com.android.support:support-v4:25.2.0] AndroidManifest.xml:23:9-51
	android:targetSdkVersion
		ADDED from src\main\AndroidManifest.xml:8:9-38
		INJECTED from src\main\AndroidManifest.xml
		INJECTED from src\main\AndroidManifest.xml
	android:minSdkVersion
		ADDED from src\main\AndroidManifest.xml:7:9-34
		INJECTED from src\main\AndroidManifest.xml
		INJECTED from src\main\AndroidManifest.xml
uses-permission#android.permission.INTERNET
ADDED from src\main\AndroidManifest.xml:10:5-66
MERGED from [com.appnext.sdk:ads:2.2.5.468] AndroidManifest.xml:9:5-67
MERGED from [com.appnext.sdk:ads:2.2.5.468] AndroidManifest.xml:9:5-67
MERGED from [com.appnext.sdk:core:2.2.5.468] AndroidManifest.xml:10:5-67
MERGED from [com.appnext.sdk:core:2.2.5.468] AndroidManifest.xml:10:5-67
	android:name
		ADDED from src\main\AndroidManifest.xml:10:22-64
uses-permission#android.permission.ACCESS_DOWNLOAD_MANAGER
ADDED from src\main\AndroidManifest.xml:11:8-84
	android:name
		ADDED from src\main\AndroidManifest.xml:11:25-82
uses-permission#android.permission.READ_EXTERNAL_STORAGE
ADDED from src\main\AndroidManifest.xml:12:9-84
	android:name
		ADDED from src\main\AndroidManifest.xml:12:26-81
uses-permission#android.permission.WRITE_EXTERNAL_STORAGE
ADDED from src\main\AndroidManifest.xml:13:6-82
	android:name
		ADDED from src\main\AndroidManifest.xml:13:23-79
uses-permission#android.permission.RECEIVE_BOOT_COMPLETED
ADDED from src\main\AndroidManifest.xml:14:6-82
	android:name
		ADDED from src\main\AndroidManifest.xml:14:23-79
uses-permission#android.permission.SEND_DOWNLOAD_COMPLETED_INTENTS
ADDED from src\main\AndroidManifest.xml:15:10-94
	android:name
		ADDED from src\main\AndroidManifest.xml:15:27-92
uses-permission#android.permission.ACCESS_DOWNLOAD_MANAGER_ADVANCED
ADDED from src\main\AndroidManifest.xml:16:7-92
	android:name
		ADDED from src\main\AndroidManifest.xml:16:24-90
uses-permission#android.permission.GET_ACCOUNTS
ADDED from src\main\AndroidManifest.xml:17:10-76
	android:name
		ADDED from src\main\AndroidManifest.xml:17:27-73
uses-permission#android.permission.ACCESS_WIFI_STATE
ADDED from src\main\AndroidManifest.xml:18:6-76
	android:name
		ADDED from src\main\AndroidManifest.xml:18:23-74
uses-permission#android.permission.READ_PHONE_STATE
ADDED from src\main\AndroidManifest.xml:19:6-75
	android:name
		ADDED from src\main\AndroidManifest.xml:19:23-73
uses-permission#android.permission.ACCESS_NETWORK_STATE
ADDED from src\main\AndroidManifest.xml:20:10-83
MERGED from [com.appnext.sdk:ads:2.2.5.468] AndroidManifest.xml:10:5-79
MERGED from [com.appnext.sdk:ads:2.2.5.468] AndroidManifest.xml:10:5-79
MERGED from [com.appnext.sdk:core:2.2.5.468] AndroidManifest.xml:11:5-79
MERGED from [com.appnext.sdk:core:2.2.5.468] AndroidManifest.xml:11:5-79
	android:name
		ADDED from src\main\AndroidManifest.xml:20:27-81
uses-permission#android.permission.WAKE_LOCK
ADDED from src\main\AndroidManifest.xml:21:5-68
	android:name
		ADDED from src\main\AndroidManifest.xml:21:22-65
uses-permission#android.permission.VIBRATE
ADDED from src\main\AndroidManifest.xml:22:2-63
	android:name
		ADDED from src\main\AndroidManifest.xml:22:19-60
uses-permission#com.google.android.c2dm.permission.RECEIVE
ADDED from src\main\AndroidManifest.xml:23:1-78
	android:name
		ADDED from src\main\AndroidManifest.xml:23:18-75
permission#com.lyricsfinder.player.permission.C2D_MESSAGE
ADDED from src\main\AndroidManifest.xml:25:1-26:41
	android:protectionLevel
		ADDED from src\main\AndroidManifest.xml:26:3-38
	android:name
		ADDED from src\main\AndroidManifest.xml:25:13-74
uses-permission#com.lyricsfinder.player.permission.C2D_MESSAGE
ADDED from src\main\AndroidManifest.xml:27:2-83
	android:name
		ADDED from src\main\AndroidManifest.xml:27:19-80
application
ADDED from src\main\AndroidManifest.xml:29:5-51:19
MERGED from [com.google.android.gms:play-services-location:11.0.0] AndroidManifest.xml:4:5-19
MERGED from [com.google.android.gms:play-services-location:11.0.0] AndroidManifest.xml:4:5-19
MERGED from [com.google.android.gms:play-services-base:11.0.0] AndroidManifest.xml:18:5-20:19
MERGED from [com.google.android.gms:play-services-base:11.0.0] AndroidManifest.xml:18:5-20:19
MERGED from [com.google.android.gms:play-services-tasks:11.0.0] AndroidManifest.xml:4:5-19
MERGED from [com.google.android.gms:play-services-tasks:11.0.0] AndroidManifest.xml:4:5-19
MERGED from [com.google.android.gms:play-services-basement:11.0.0] AndroidManifest.xml:19:5-21:19
MERGED from [com.google.android.gms:play-services-basement:11.0.0] AndroidManifest.xml:19:5-21:19
MERGED from [com.android.support:support-v4:25.2.0] AndroidManifest.xml:25:5-20
MERGED from [com.android.support:support-v4:25.2.0] AndroidManifest.xml:25:5-20
MERGED from [com.appnext.sdk:ads:2.2.5.468] AndroidManifest.xml:12:5-30:19
MERGED from [com.appnext.sdk:ads:2.2.5.468] AndroidManifest.xml:12:5-30:19
MERGED from [com.appnext.sdk:banners:2.2.5.468] AndroidManifest.xml:9:5-13:19
MERGED from [com.appnext.sdk:banners:2.2.5.468] AndroidManifest.xml:9:5-13:19
MERGED from [com.appnext.sdk:native-ads2:2.2.5.468] AndroidManifest.xml:9:5-13:19
MERGED from [com.appnext.sdk:native-ads2:2.2.5.468] AndroidManifest.xml:9:5-13:19
MERGED from [com.appnext.sdk:core:2.2.5.468] AndroidManifest.xml:13:5-36:19
MERGED from [com.appnext.sdk:core:2.2.5.468] AndroidManifest.xml:13:5-36:19
MERGED from [com.android.support:support-fragment:25.2.0] AndroidManifest.xml:25:5-20
MERGED from [com.android.support:support-fragment:25.2.0] AndroidManifest.xml:25:5-20
MERGED from [com.android.support:support-media-compat:25.2.0] AndroidManifest.xml:25:5-20
MERGED from [com.android.support:support-media-compat:25.2.0] AndroidManifest.xml:25:5-20
MERGED from [com.android.support:support-core-utils:25.2.0] AndroidManifest.xml:25:5-20
MERGED from [com.android.support:support-core-utils:25.2.0] AndroidManifest.xml:25:5-20
MERGED from [com.android.support:support-core-ui:25.2.0] AndroidManifest.xml:25:5-20
MERGED from [com.android.support:support-core-ui:25.2.0] AndroidManifest.xml:25:5-20
MERGED from [com.android.support:support-compat:25.2.0] AndroidManifest.xml:25:5-20
MERGED from [com.android.support:support-compat:25.2.0] AndroidManifest.xml:25:5-20
	android:label
		ADDED from src\main\AndroidManifest.xml:32:9-41
	android:icon
		ADDED from src\main\AndroidManifest.xml:31:9-45
	android:allowBackup
		ADDED from src\main\AndroidManifest.xml:30:9-35
	android:theme
		ADDED from src\main\AndroidManifest.xml:33:9-40
activity#com.lyricsfinder.player.MainActivity
ADDED from src\main\AndroidManifest.xml:35:9-42:20
	android:screenOrientation
		ADDED from src\main\AndroidManifest.xml:36:13-49
	android:name
		ADDED from src\main\AndroidManifest.xml:35:19-70
intent-filter#android.intent.action.MAIN+android.intent.category.LAUNCHER
ADDED from src\main\AndroidManifest.xml:38:13-41:29
action#android.intent.action.MAIN
ADDED from src\main\AndroidManifest.xml:39:17-68
	android:name
		ADDED from src\main\AndroidManifest.xml:39:25-66
category#android.intent.category.LAUNCHER
ADDED from src\main\AndroidManifest.xml:40:17-76
	android:name
		ADDED from src\main\AndroidManifest.xml:40:27-74
service#com.appnext.appnextsdk.DownloadService
ADDED from src\main\AndroidManifest.xml:44:11-75
	android:name
		ADDED from src\main\AndroidManifest.xml:44:20-73
activity#com.startapp.android.publish.AppWallActivity
ADDED from src\main\AndroidManifest.xml:45:12-46:62
	android:theme
		ADDED from src\main\AndroidManifest.xml:46:11-59
	android:name
		ADDED from src\main\AndroidManifest.xml:45:22-81
activity#com.startapp.android.publish.list3d.List3DActivity
ADDED from src\main\AndroidManifest.xml:48:14-49:50
	android:theme
		ADDED from src\main\AndroidManifest.xml:49:11-47
	android:name
		ADDED from src\main\AndroidManifest.xml:48:24-89
activity#com.google.android.gms.common.api.GoogleApiActivity
ADDED from [com.google.android.gms:play-services-base:11.0.0] AndroidManifest.xml:19:9-172
	android:exported
		ADDED from [com.google.android.gms:play-services-base:11.0.0] AndroidManifest.xml:19:146-170
	android:theme
		ADDED from [com.google.android.gms:play-services-base:11.0.0] AndroidManifest.xml:19:86-145
	android:name
		ADDED from [com.google.android.gms:play-services-base:11.0.0] AndroidManifest.xml:19:19-85
meta-data#com.google.android.gms.version
ADDED from [com.google.android.gms:play-services-basement:11.0.0] AndroidManifest.xml:20:9-121
	android:value
		ADDED from [com.google.android.gms:play-services-basement:11.0.0] AndroidManifest.xml:20:66-119
	android:name
		ADDED from [com.google.android.gms:play-services-basement:11.0.0] AndroidManifest.xml:20:20-65
service#com.appnext.core.AdsService
ADDED from [com.appnext.sdk:ads:2.2.5.468] AndroidManifest.xml:15:9-17:43
MERGED from [com.appnext.sdk:banners:2.2.5.468] AndroidManifest.xml:10:9-12:43
MERGED from [com.appnext.sdk:banners:2.2.5.468] AndroidManifest.xml:10:9-12:43
MERGED from [com.appnext.sdk:native-ads2:2.2.5.468] AndroidManifest.xml:10:9-12:43
MERGED from [com.appnext.sdk:native-ads2:2.2.5.468] AndroidManifest.xml:10:9-12:43
	android:multiprocess
		ADDED from [com.appnext.sdk:ads:2.2.5.468] AndroidManifest.xml:17:13-40
	android:name
		ADDED from [com.appnext.sdk:ads:2.2.5.468] AndroidManifest.xml:16:13-55
activity#com.appnext.ads.interstitial.InterstitialActivity
ADDED from [com.appnext.sdk:ads:2.2.5.468] AndroidManifest.xml:19:9-24:74
	android:multiprocess
		ADDED from [com.appnext.sdk:ads:2.2.5.468] AndroidManifest.xml:23:13-40
	android:hardwareAccelerated
		ADDED from [com.appnext.sdk:ads:2.2.5.468] AndroidManifest.xml:22:13-47
	android:configChanges
		ADDED from [com.appnext.sdk:ads:2.2.5.468] AndroidManifest.xml:21:13-74
	android:theme
		ADDED from [com.appnext.sdk:ads:2.2.5.468] AndroidManifest.xml:24:13-71
	android:name
		ADDED from [com.appnext.sdk:ads:2.2.5.468] AndroidManifest.xml:20:13-77
activity#com.appnext.ads.fullscreen.FullscreenActivity
ADDED from [com.appnext.sdk:ads:2.2.5.468] AndroidManifest.xml:25:9-29:74
	android:multiprocess
		ADDED from [com.appnext.sdk:ads:2.2.5.468] AndroidManifest.xml:28:13-40
	android:hardwareAccelerated
		ADDED from [com.appnext.sdk:ads:2.2.5.468] AndroidManifest.xml:27:13-47
	android:theme
		ADDED from [com.appnext.sdk:ads:2.2.5.468] AndroidManifest.xml:29:13-71
	android:name
		ADDED from [com.appnext.sdk:ads:2.2.5.468] AndroidManifest.xml:26:13-73
service#com.appnext.base.services.OperationService
ADDED from [com.appnext.sdk:core:2.2.5.468] AndroidManifest.xml:14:9-17:40
	android:enabled
		ADDED from [com.appnext.sdk:core:2.2.5.468] AndroidManifest.xml:16:13-35
	android:exported
		ADDED from [com.appnext.sdk:core:2.2.5.468] AndroidManifest.xml:17:13-37
	android:name
		ADDED from [com.appnext.sdk:core:2.2.5.468] AndroidManifest.xml:15:13-70
service#com.appnext.base.services.ReceiverService
ADDED from [com.appnext.sdk:core:2.2.5.468] AndroidManifest.xml:18:9-22:41
	android:enabled
		ADDED from [com.appnext.sdk:core:2.2.5.468] AndroidManifest.xml:20:13-35
	android:exported
		ADDED from [com.appnext.sdk:core:2.2.5.468] AndroidManifest.xml:21:13-37
	android:persistent
		ADDED from [com.appnext.sdk:core:2.2.5.468] AndroidManifest.xml:22:13-38
	android:name
		ADDED from [com.appnext.sdk:core:2.2.5.468] AndroidManifest.xml:19:13-69
receiver#com.appnext.base.receivers.imp.bootreceiver
ADDED from [com.appnext.sdk:core:2.2.5.468] AndroidManifest.xml:24:9-30:20
	android:enabled
		ADDED from [com.appnext.sdk:core:2.2.5.468] AndroidManifest.xml:26:13-35
	android:name
		ADDED from [com.appnext.sdk:core:2.2.5.468] AndroidManifest.xml:25:13-71
intent-filter#android.intent.action.BOOT_COMPLETED
ADDED from [com.appnext.sdk:core:2.2.5.468] AndroidManifest.xml:27:13-29:29
action#android.intent.action.BOOT_COMPLETED
ADDED from [com.appnext.sdk:core:2.2.5.468] AndroidManifest.xml:28:17-79
	android:name
		ADDED from [com.appnext.sdk:core:2.2.5.468] AndroidManifest.xml:28:25-76
activity#com.appnext.core.ResultActivity
ADDED from [com.appnext.sdk:core:2.2.5.468] AndroidManifest.xml:32:9-35:46
	android:excludeFromRecents
		ADDED from [com.appnext.sdk:core:2.2.5.468] AndroidManifest.xml:34:13-46
	android:launchMode
		ADDED from [com.appnext.sdk:core:2.2.5.468] AndroidManifest.xml:35:13-43
	android:name
		ADDED from [com.appnext.sdk:core:2.2.5.468] AndroidManifest.xml:33:13-59